<?xml version="1.0" encoding="UTF-8"?>
<!-- Generated by org.testng.reporters.JUnitXMLReporter -->
<testsuite hostname="5CG50201R7" ignored="6" name="Add to cart chrome" tests="3" failures="0" timestamp="31 May 2018 04:54:12 GMT" time="10.55" errors="0">
  <testcase name="registration" time="3.503" classname="TestScripts.Tc_Registraction"/>
  <testcase name="search" time="6.012" classname="TestScripts.Tc_Search"/>
  <testcase name="staticlinks" time="0.995" classname="TestScripts.TC_Staticlinks"/>
  <testcase name="@AfterSuite tearDown" time="0.0" classname="BaseClass.BaseClass">
    <ignored/>
  </testcase> <!-- @AfterSuite tearDown -->
  <testcase name="@AfterSuite tearDown" time="0.0" classname="BaseClass.BaseClass">
    <ignored/>
  </testcase> <!-- @AfterSuite tearDown -->
  <testcase name="@AfterSuite tearDown" time="0.0" classname="BaseClass.BaseClass">
    <ignored/>
  </testcase> <!-- @AfterSuite tearDown -->
  <testcase name="@BeforeSuite initialize" time="0.0" classname="BaseClass.BaseClass">
    <ignored/>
  </testcase> <!-- @BeforeSuite initialize -->
  <testcase name="@BeforeSuite initialize" time="0.0" classname="BaseClass.BaseClass">
    <ignored/>
  </testcase> <!-- @BeforeSuite initialize -->
  <testcase name="@BeforeSuite initialize" time="0.0" classname="BaseClass.BaseClass">
    <ignored/>
  </testcase> <!-- @BeforeSuite initialize -->
</testsuite> <!-- Add to cart chrome -->
